127.0.0.1 - - [06/Jan/2026 20:41:09] "GET / HTTP/1.1" 200 -
127.0.0.1 - - [06/Jan/2026 20:41:09] "GET /style.css HTTP/1.1" 200 -
127.0.0.1 - - [06/Jan/2026 20:41:09] "GET /js/services/i18n.js HTTP/1.1" 200 -
127.0.0.1 - - [06/Jan/2026 20:41:09] "GET /js/app.js HTTP/1.1" 200 -
127.0.0.1 - - [06/Jan/2026 20:41:11] "GET /js/lang/pt-BR.js HTTP/1.1" 200 -
127.0.0.1 - - [06/Jan/2026 20:41:11] "GET /js/lang/en-US.js HTTP/1.1" 200 -
127.0.0.1 - - [06/Jan/2026 20:41:11] "GET /js/data/database.js HTTP/1.1" 200 -
127.0.0.1 - - [06/Jan/2026 20:41:11] "GET /js/config.js HTTP/1.1" 200 -
127.0.0.1 - - [06/Jan/2026 20:41:11] "GET /js/logic/profile.js HTTP/1.1" 200 -
127.0.0.1 - - [06/Jan/2026 20:41:11] "GET /js/ui/interface.js HTTP/1.1" 200 -
127.0.0.1 - - [06/Jan/2026 20:41:11] "GET /js/logic/gamification.js HTTP/1.1" 200 -
127.0.0.1 - - [06/Jan/2026 20:41:11] "GET /js/ui/analytics.js HTTP/1.1" 200 -
127.0.0.1 - - [06/Jan/2026 20:41:11] "GET /js/ui/chat.js HTTP/1.1" 200 -
127.0.0.1 - - [06/Jan/2026 20:41:11] "GET /js/services/context.js HTTP/1.1" 200 -
127.0.0.1 - - [06/Jan/2026 20:41:11] "GET /js/services/api.js HTTP/1.1" 200 -
127.0.0.1 - - [06/Jan/2026 20:41:11] "GET /js/ui/planner.js HTTP/1.1" 200 -
127.0.0.1 - - [06/Jan/2026 20:41:11] "GET /js/ui/shopping.js HTTP/1.1" 200 -
127.0.0.1 - - [06/Jan/2026 20:41:11] "GET /js/ui/fasting.js HTTP/1.1" 200 -
127.0.0.1 - - [06/Jan/2026 20:41:11] "GET /sw.js HTTP/1.1" 200 -
127.0.0.1 - - [06/Jan/2026 20:41:11] "GET /index.html HTTP/1.1" 200 -
127.0.0.1 - - [06/Jan/2026 20:41:11] code 404, message File not found
127.0.0.1 - - [06/Jan/2026 20:41:11] "GET /app.js HTTP/1.1" 404 -
127.0.0.1 - - [06/Jan/2026 20:41:11] "GET / HTTP/1.1" 304 -
127.0.0.1 - - [06/Jan/2026 20:41:12] "GET /sw.js HTTP/1.1" 304 -
127.0.0.1 - - [06/Jan/2026 20:41:12] code 404, message File not found
127.0.0.1 - - [06/Jan/2026 20:41:12] "GET /app.js HTTP/1.1" 404 -
----------------------------------------
Exception occurred during processing of request from ('127.0.0.1', 41580)
Traceback (most recent call last):
  File "/home/jules/.pyenv/versions/3.12.12/lib/python3.12/http/server.py", line 731, in send_head
    f = open(path, 'rb')
        ^^^^^^^^^^^^^^^^
FileNotFoundError: [Errno 2] No such file or directory: '/app/app.js'

During handling of the above exception, another exception occurred:

Traceback (most recent call last):
  File "/home/jules/.pyenv/versions/3.12.12/lib/python3.12/socketserver.py", line 697, in process_request_thread
    self.finish_request(request, client_address)
  File "/home/jules/.pyenv/versions/3.12.12/lib/python3.12/http/server.py", line 1311, in finish_request
    self.RequestHandlerClass(request, client_address, self,
  File "/home/jules/.pyenv/versions/3.12.12/lib/python3.12/http/server.py", line 672, in __init__
    super().__init__(*args, **kwargs)
  File "/home/jules/.pyenv/versions/3.12.12/lib/python3.12/socketserver.py", line 766, in __init__
    self.handle()
  File "/home/jules/.pyenv/versions/3.12.12/lib/python3.12/http/server.py", line 436, in handle
    self.handle_one_request()
  File "/home/jules/.pyenv/versions/3.12.12/lib/python3.12/http/server.py", line 424, in handle_one_request
    method()
  File "/home/jules/.pyenv/versions/3.12.12/lib/python3.12/http/server.py", line 676, in do_GET
    f = self.send_head()
        ^^^^^^^^^^^^^^^^
  File "/home/jules/.pyenv/versions/3.12.12/lib/python3.12/http/server.py", line 733, in send_head
    self.send_error(HTTPStatus.NOT_FOUND, "File not found")
  File "/home/jules/.pyenv/versions/3.12.12/lib/python3.12/http/server.py", line 491, in send_error
    self.wfile.write(body)
  File "/home/jules/.pyenv/versions/3.12.12/lib/python3.12/socketserver.py", line 845, in write
    self._sock.sendall(b)
BrokenPipeError: [Errno 32] Broken pipe
----------------------------------------
127.0.0.1 - - [06/Jan/2026 20:46:09] "GET / HTTP/1.1" 200 -
127.0.0.1 - - [06/Jan/2026 20:46:09] "GET /js/app.js HTTP/1.1" 200 -
127.0.0.1 - - [06/Jan/2026 20:46:09] "GET /style.css HTTP/1.1" 200 -
127.0.0.1 - - [06/Jan/2026 20:46:09] "GET /js/services/i18n.js HTTP/1.1" 200 -
127.0.0.1 - - [06/Jan/2026 20:46:10] "GET /js/lang/pt-BR.js HTTP/1.1" 200 -
127.0.0.1 - - [06/Jan/2026 20:46:10] "GET /js/lang/en-US.js HTTP/1.1" 200 -
127.0.0.1 - - [06/Jan/2026 20:46:10] "GET /js/config.js HTTP/1.1" 200 -
127.0.0.1 - - [06/Jan/2026 20:46:10] "GET /js/logic/profile.js HTTP/1.1" 200 -
127.0.0.1 - - [06/Jan/2026 20:46:10] "GET /js/logic/gamification.js HTTP/1.1" 200 -
127.0.0.1 - - [06/Jan/2026 20:46:10] "GET /js/ui/analytics.js HTTP/1.1" 200 -
127.0.0.1 - - [06/Jan/2026 20:46:10] "GET /js/data/database.js HTTP/1.1" 200 -
127.0.0.1 - - [06/Jan/2026 20:46:10] "GET /js/ui/interface.js HTTP/1.1" 200 -
127.0.0.1 - - [06/Jan/2026 20:46:10] "GET /js/ui/chat.js HTTP/1.1" 200 -
127.0.0.1 - - [06/Jan/2026 20:46:10] "GET /js/services/api.js HTTP/1.1" 200 -
127.0.0.1 - - [06/Jan/2026 20:46:10] "GET /js/ui/shopping.js HTTP/1.1" 200 -
127.0.0.1 - - [06/Jan/2026 20:46:10] "GET /js/services/context.js HTTP/1.1" 200 -
127.0.0.1 - - [06/Jan/2026 20:46:10] "GET /js/ui/planner.js HTTP/1.1" 200 -
127.0.0.1 - - [06/Jan/2026 20:46:10] "GET /js/ui/fasting.js HTTP/1.1" 200 -
127.0.0.1 - - [06/Jan/2026 20:46:10] "GET /sw.js HTTP/1.1" 200 -
127.0.0.1 - - [06/Jan/2026 20:46:10] "GET /index.html HTTP/1.1" 200 -
127.0.0.1 - - [06/Jan/2026 20:46:10] code 404, message File not found
127.0.0.1 - - [06/Jan/2026 20:46:10] "GET /app.js HTTP/1.1" 404 -
127.0.0.1 - - [06/Jan/2026 20:46:10] "GET / HTTP/1.1" 304 -
127.0.0.1 - - [06/Jan/2026 20:46:10] "GET /sw.js HTTP/1.1" 304 -
127.0.0.1 - - [06/Jan/2026 20:46:10] "GET /index.html HTTP/1.1" 200 -
127.0.0.1 - - [06/Jan/2026 20:46:10] code 404, message File not found
127.0.0.1 - - [06/Jan/2026 20:46:10] "GET /app.js HTTP/1.1" 404 -
